#
# There is insufficient memory for the Java Runtime Environment to continue.
# Native memory allocation (malloc) failed to allocate 262160 bytes for Chunk::new
# Possible reasons:
#   The system is out of physical RAM or swap space
#   The process is running with CompressedOops enabled, and the Java Heap may be blocking the growth of the native heap
# Possible solutions:
#   Reduce memory load on the system
#   Increase physical memory or swap space
#   Check if swap backing store is full
#   Decrease Java heap size (-Xmx/-Xms)
#   Decrease number of Java threads
#   Decrease Java thread stack sizes (-Xss)
#   Set larger code cache with -XX:ReservedCodeCacheSize=
#   JVM is running with Unscaled Compressed Oops mode in which the Java heap is
#     placed in the first 4GB address space. The Java Heap base address is the
#     maximum limit for the native heap growth. Please use -XX:HeapBaseMinAddress
#     to set the Java Heap base and to place the Java Heap above 4GB virtual address.
# This output file may be truncated or incomplete.
#
#  Out of Memory Error (arena.cpp:189), pid=18968, tid=428
#
# JRE version: Java(TM) SE Runtime Environment (17.0.8+9) (build 17.0.8+9-LTS-211)
# Java VM: Java HotSpot(TM) 64-Bit Server VM (17.0.8+9-LTS-211, mixed mode, sharing, tiered, compressed oops, compressed class ptrs, g1 gc, windows-amd64)
# No core dump will be written. Minidumps are not enabled by default on client versions of Windows
#

---------------  S U M M A R Y ------------

Command Line: -ea --add-opens=java.base/java.util=ALL-UNNAMED --add-opens=java.base/java.lang=ALL-UNNAMED -Didea.test.cyclic.buffer.size=1048576 -javaagent:C:\Program Files\JetBrains\IntelliJ IDEA Community Edition 2023.2.2\lib\idea_rt.jar=52861:C:\Program Files\JetBrains\IntelliJ IDEA Community Edition 2023.2.2\bin -Dfile.encoding=UTF-8 com.intellij.rt.testng.RemoteTestNGStarter -usedefaultlisteners false -socket52860 @w@C:\Users\Vishal\AppData\Local\Temp\idea_working_dirs_testng.tmp -temp C:\Users\Vishal\AppData\Local\Temp\idea_testng.tmp

Host: Intel(R) Core(TM) i5-3230M CPU @ 2.60GHz, 4 cores, 7G,  Windows 10 , 64 bit Build 19041 (10.0.19041.3636)
Time: Sat Dec 30 20:17:07 2023 GMT Standard Time elapsed time: 41.267155 seconds (0d 0h 0m 41s)

---------------  T H R E A D  ---------------

Current thread (0x00000223ff907c80):  JavaThread "C2 CompilerThread0" daemon [_thread_in_native, id=428, stack(0x0000009b98c00000,0x0000009b98d00000)]


Current CompileTask:
C2:  41267 3359       4       jdk.internal.org.objectweb.asm.Frame::execute (2305 bytes)

Stack: [0x0000009b98c00000,0x0000009b98d00000]
Native frames: (J=compiled Java code, j=interpreted, Vv=VM code, C=native code)
V  [jvm.dll+0x677d0a]
V  [jvm.dll+0x7d8c54]
V  [jvm.dll+0x7da3fe]
V  [jvm.dll+0x7daa63]
V  [jvm.dll+0x245c5f]
V  [jvm.dll+0xaaa6b]
V  [jvm.dll+0xab00c]
V  [jvm.dll+0xaab84]
V  [jvm.dll+0x69d1c5]
V  [jvm.dll+0x34642b]
V  [jvm.dll+0x3470e4]
V  [jvm.dll+0x34317a]
V  [jvm.dll+0x348a15]
V  [jvm.dll+0x549401]
V  [jvm.dll+0x558c17]
V  [jvm.dll+0x546543]
V  [jvm.dll+0x2aa7fc]
V  [jvm.dll+0x690303]
V  [jvm.dll+0x6882d6]
V  [jvm.dll+0x687920]
V  [jvm.dll+0x68582a]
V  [jvm.dll+0x1a6d0c]
V  [jvm.dll+0x1a789b]
V  [jvm.dll+0x2aa7fc]
V  [jvm.dll+0x690303]
V  [jvm.dll+0x6882d6]
V  [jvm.dll+0x687920]
V  [jvm.dll+0x68582a]
V  [jvm.dll+0x1a6d0c]
V  [jvm.dll+0x1a789b]
V  [jvm.dll+0x2aa7fc]
V  [jvm.dll+0x690303]
V  [jvm.dll+0x6882d6]
V  [jvm.dll+0x687920]
V  [jvm.dll+0x68582a]
V  [jvm.dll+0x1a6d0c]
V  [jvm.dll+0x216fe8]
V  [jvm.dll+0x1a3af0]
V  [jvm.dll+0x2270be]
V  [jvm.dll+0x22535b]
V  [jvm.dll+0x78e7bc]
V  [jvm.dll+0x788bba]
V  [jvm.dll+0x676b35]
C  [ucrtbase.dll+0x21bb2]
C  [KERNEL32.DLL+0x17344]
C  [ntdll.dll+0x526b1]


---------------  P R O C E S S  ---------------

Threads class SMR info:
_java_thread_list=0x00000223e20f4ff0, length=26, elements={
0x00000223fc8036b0, 0x00000223ff8f2e60, 0x00000223ff8f3be0, 0x00000223ff903390,
0x00000223ff903e50, 0x00000223ff906720, 0x00000223ff906fe0, 0x00000223ff907c80,
0x00000223ff909640, 0x00000223ff985e70, 0x00000223ff8dd380, 0x000002239a9dc120,
0x000002239a9e0680, 0x00000223e04d84d0, 0x00000223e15cac20, 0x00000223e13dbaf0,
0x00000223e226c400, 0x00000223e226c8d0, 0x00000223e10f34d0, 0x00000223e07b0210,
0x00000223e07af870, 0x00000223e07aea00, 0x00000223e07b0bb0, 0x00000223e07ae060,
0x00000223e07b06e0, 0x00000223e07b1080
}

Java Threads: ( => current thread )
  0x00000223fc8036b0 JavaThread "main" [_thread_in_vm, id=6928, stack(0x0000009b97f00000,0x0000009b98000000)]
  0x00000223ff8f2e60 JavaThread "Reference Handler" daemon [_thread_blocked, id=18640, stack(0x0000009b98600000,0x0000009b98700000)]
  0x00000223ff8f3be0 JavaThread "Finalizer" daemon [_thread_blocked, id=12456, stack(0x0000009b98700000,0x0000009b98800000)]
  0x00000223ff903390 JavaThread "Signal Dispatcher" daemon [_thread_blocked, id=15772, stack(0x0000009b98800000,0x0000009b98900000)]
  0x00000223ff903e50 JavaThread "Attach Listener" daemon [_thread_blocked, id=21924, stack(0x0000009b98900000,0x0000009b98a00000)]
  0x00000223ff906720 JavaThread "Service Thread" daemon [_thread_blocked, id=3256, stack(0x0000009b98a00000,0x0000009b98b00000)]
  0x00000223ff906fe0 JavaThread "Monitor Deflation Thread" daemon [_thread_blocked, id=17972, stack(0x0000009b98b00000,0x0000009b98c00000)]
=>0x00000223ff907c80 JavaThread "C2 CompilerThread0" daemon [_thread_in_native, id=428, stack(0x0000009b98c00000,0x0000009b98d00000)]
  0x00000223ff909640 JavaThread "C1 CompilerThread0" daemon [_thread_blocked, id=17788, stack(0x0000009b98d00000,0x0000009b98e00000)]
  0x00000223ff985e70 JavaThread "Sweeper thread" daemon [_thread_blocked, id=22836, stack(0x0000009b98e00000,0x0000009b98f00000)]
  0x00000223ff8dd380 JavaThread "Common-Cleaner" daemon [_thread_blocked, id=15064, stack(0x0000009b98f00000,0x0000009b99000000)]
  0x000002239a9dc120 JavaThread "Monitor Ctrl-Break" daemon [_thread_in_native, id=9156, stack(0x0000009b99000000,0x0000009b99100000)]
  0x000002239a9e0680 JavaThread "Notification Thread" daemon [_thread_blocked, id=18116, stack(0x0000009b99100000,0x0000009b99200000)]
  0x00000223e04d84d0 JavaThread "ForkJoinPool.commonPool-worker-1" daemon [_thread_blocked, id=16924, stack(0x0000009b99600000,0x0000009b99700000)]
  0x00000223e15cac20 JavaThread "HttpClient-1-SelectorManager" daemon [_thread_in_native, id=21236, stack(0x0000009b99700000,0x0000009b99800000)]
  0x00000223e13dbaf0 JavaThread "External Process Output Forwarder - C:\Users\Vishal\.cache\selenium\chromedriver\win64\120.0.6099.109\chromedriver.exe" [_thread_in_native, id=13208, stack(0x0000009b99800000,0x0000009b99900000)]
  0x00000223e226c400 JavaThread "Driver Service Executor" daemon [_thread_blocked, id=23116, stack(0x0000009b99900000,0x0000009b99a00000)]
  0x00000223e226c8d0 JavaThread "Driver Service Executor" daemon [_thread_blocked, id=22128, stack(0x0000009b99a00000,0x0000009b99b00000)]
  0x00000223e10f34d0 JavaThread "UrlChecker-2" daemon [_thread_blocked, id=12472, stack(0x0000009b99b00000,0x0000009b99c00000)]
  0x00000223e07b0210 JavaThread "pool-1-thread-1" [_thread_blocked, id=23480, stack(0x0000009b99e00000,0x0000009b99f00000)]
  0x00000223e07af870 JavaThread "pool-1-thread-2" [_thread_blocked, id=19908, stack(0x0000009b99f00000,0x0000009b9a000000)]
  0x00000223e07aea00 JavaThread "pool-1-thread-3" [_thread_blocked, id=23360, stack(0x0000009b9a000000,0x0000009b9a100000)]
  0x00000223e07b0bb0 JavaThread "HttpClient-2-SelectorManager" daemon [_thread_in_native, id=23424, stack(0x0000009b99d00000,0x0000009b99e00000)]
  0x00000223e07ae060 JavaThread "pool-2-thread-1" [_thread_blocked, id=13496, stack(0x0000009b9a100000,0x0000009b9a200000)]
  0x00000223e07b06e0 JavaThread "pool-2-thread-2" [_thread_blocked, id=17988, stack(0x0000009b9a200000,0x0000009b9a300000)]
  0x00000223e07b1080 JavaThread "pool-2-thread-3" [_thread_blocked, id=23000, stack(0x0000009b9a300000,0x0000009b9a400000)]

Other Threads:
  0x00000223ff8ebef0 VMThread "VM Thread" [stack: 0x0000009b98500000,0x0000009b98600000] [id=20000]
  0x000002239a9dc5f0 WatcherThread [stack: 0x0000009b99200000,0x0000009b99300000] [id=1756]
  0x00000223fc85bd90 GCTaskThread "GC Thread#0" [stack: 0x0000009b98000000,0x0000009b98100000] [id=23012]
  0x00000223e0672160 GCTaskThread "GC Thread#1" [stack: 0x0000009b99400000,0x0000009b99500000] [id=17776]
  0x00000223e0672410 GCTaskThread "GC Thread#2" [stack: 0x0000009b99500000,0x0000009b99600000] [id=9376]
  0x00000223e07f0540 GCTaskThread "GC Thread#3" [stack: 0x0000009b99300000,0x0000009b99400000] [id=2884]
  0x00000223fc86d830 ConcurrentGCThread "G1 Main Marker" [stack: 0x0000009b98100000,0x0000009b98200000] [id=17772]
  0x00000223fc86e150 ConcurrentGCThread "G1 Conc#0" [stack: 0x0000009b98200000,0x0000009b98300000] [id=22968]
  0x00000223fc8c2220 ConcurrentGCThread "G1 Refine#0" [stack: 0x0000009b98300000,0x0000009b98400000] [id=19012]
  0x00000223fc8c2b50 ConcurrentGCThread "G1 Service" [stack: 0x0000009b98400000,0x0000009b98500000] [id=18328]

Threads with active compile tasks:
C2 CompilerThread0    41364 3359       4       jdk.internal.org.objectweb.asm.Frame::execute (2305 bytes)

VM state: not at safepoint (normal execution)

VM Mutex/Monitor currently owned by a thread: None

Heap address: 0x0000000081e00000, size: 2018 MB, Compressed Oops mode: 32-bit

CDS archive(s) mapped at: [0x000002239b000000-0x000002239bbd0000-0x000002239bbd0000), size 12386304, SharedBaseAddress: 0x000002239b000000, ArchiveRelocationMode: 1.
Compressed class space mapped at: 0x000002239c000000-0x00000223dc000000, reserved size: 1073741824
Narrow klass base: 0x000002239b000000, Narrow klass shift: 0, Narrow klass range: 0x100000000

GC Precious Log:
 CPUs: 4 total, 4 available
 Memory: 8066M
 Large Page Support: Disabled
 NUMA Support: Disabled
 Compressed Oops: Enabled (32-bit)
 Heap Region Size: 1M
 Heap Min Capacity: 8M
 Heap Initial Capacity: 128M
 Heap Max Capacity: 2018M
 Pre-touch: Disabled
 Parallel Workers: 4
 Concurrent Workers: 1
 Concurrent Refinement Workers: 4
 Periodic GC: Disabled

Heap:
 garbage-first heap   total 48128K, used 18193K [0x0000000081e00000, 0x0000000100000000)
  region size 1024K, 6 young (6144K), 3 survivors (3072K)
 Metaspace       used 29301K, committed 29696K, reserved 1114112K
  class space    used 3637K, committed 3840K, reserved 1048576K

Heap Regions: E=young(eden), S=young(survivor), O=old, HS=humongous(starts), HC=humongous(continues), CS=collection set, F=free, OA=open archive, CA=closed archive, TAMS=top-at-mark-start (previous, next)
|   0|0x0000000081e00000, 0x0000000081f00000, 0x0000000081f00000|100%| O|  |TAMS 0x0000000081f00000, 0x0000000081e00000| Untracked 
|   1|0x0000000081f00000, 0x0000000082000000, 0x0000000082000000|100%| O|  |TAMS 0x0000000082000000, 0x0000000081f00000| Untracked 
|   2|0x0000000082000000, 0x0000000082100000, 0x0000000082100000|100%| O|  |TAMS 0x0000000082100000, 0x0000000082000000| Untracked 
|   3|0x0000000082100000, 0x0000000082200000, 0x0000000082200000|100%| O|  |TAMS 0x0000000082200000, 0x0000000082100000| Untracked 
|   4|0x0000000082200000, 0x0000000082300000, 0x0000000082300000|100%| O|  |TAMS 0x0000000082300000, 0x0000000082200000| Untracked 
|   5|0x0000000082300000, 0x0000000082400000, 0x0000000082400000|100%| O|  |TAMS 0x0000000082400000, 0x0000000082300000| Untracked 
|   6|0x0000000082400000, 0x0000000082500000, 0x0000000082500000|100%| O|  |TAMS 0x0000000082500000, 0x0000000082400000| Untracked 
|   7|0x0000000082500000, 0x0000000082590a00, 0x0000000082600000| 56%| O|  |TAMS 0x0000000082590a00, 0x0000000082500000| Untracked 
|   8|0x0000000082600000, 0x0000000082700000, 0x0000000082700000|100%| O|  |TAMS 0x0000000082600000, 0x0000000082600000| Untracked 
|   9|0x0000000082700000, 0x0000000082800000, 0x0000000082800000|100%| O|  |TAMS 0x0000000082700000, 0x0000000082700000| Untracked 
|  10|0x0000000082800000, 0x0000000082900000, 0x0000000082900000|100%| O|  |TAMS 0x0000000082800000, 0x0000000082800000| Untracked 
|  11|0x0000000082900000, 0x0000000082a00000, 0x0000000082a00000|100%| O|  |TAMS 0x0000000082900000, 0x0000000082900000| Untracked 
|  12|0x0000000082a00000, 0x0000000082b00000, 0x0000000082b00000|100%| O|  |TAMS 0x0000000082a00000, 0x0000000082a00000| Untracked 
|  13|0x0000000082b00000, 0x0000000082b50800, 0x0000000082c00000| 31%| O|  |TAMS 0x0000000082b00000, 0x0000000082b00000| Untracked 
|  14|0x0000000082c00000, 0x0000000082c00000, 0x0000000082d00000|  0%| F|  |TAMS 0x0000000082c00000, 0x0000000082c00000| Untracked 
|  15|0x0000000082d00000, 0x0000000082d00000, 0x0000000082e00000|  0%| F|  |TAMS 0x0000000082d00000, 0x0000000082d00000| Untracked 
|  16|0x0000000082e00000, 0x0000000082ee33c0, 0x0000000082f00000| 88%| S|CS|TAMS 0x0000000082e00000, 0x0000000082e00000| Complete 
|  17|0x0000000082f00000, 0x0000000083000000, 0x0000000083000000|100%| S|CS|TAMS 0x0000000082f00000, 0x0000000082f00000| Complete 
|  18|0x0000000083000000, 0x0000000083100000, 0x0000000083100000|100%| S|CS|TAMS 0x0000000083000000, 0x0000000083000000| Complete 
|  19|0x0000000083100000, 0x0000000083100000, 0x0000000083200000|  0%| F|  |TAMS 0x0000000083100000, 0x0000000083100000| Untracked 
|  20|0x0000000083200000, 0x0000000083200000, 0x0000000083300000|  0%| F|  |TAMS 0x0000000083200000, 0x0000000083200000| Untracked 
|  21|0x0000000083300000, 0x0000000083300000, 0x0000000083400000|  0%| F|  |TAMS 0x0000000083300000, 0x0000000083300000| Untracked 
|  22|0x0000000083400000, 0x0000000083400000, 0x0000000083500000|  0%| F|  |TAMS 0x0000000083400000, 0x0000000083400000| Untracked 
|  23|0x0000000083500000, 0x0000000083500000, 0x0000000083600000|  0%| F|  |TAMS 0x0000000083500000, 0x0000000083500000| Untracked 
|  24|0x0000000083600000, 0x0000000083600000, 0x0000000083700000|  0%| F|  |TAMS 0x0000000083600000, 0x0000000083600000| Untracked 
|  25|0x0000000083700000, 0x0000000083700000, 0x0000000083800000|  0%| F|  |TAMS 0x0000000083700000, 0x0000000083700000| Untracked 
|  26|0x0000000083800000, 0x0000000083800000, 0x0000000083900000|  0%| F|  |TAMS 0x0000000083800000, 0x0000000083800000| Untracked 
|  27|0x0000000083900000, 0x0000000083900000, 0x0000000083a00000|  0%| F|  |TAMS 0x0000000083900000, 0x0000000083900000| Untracked 
|  28|0x0000000083a00000, 0x0000000083a00000, 0x0000000083b00000|  0%| F|  |TAMS 0x0000000083a00000, 0x0000000083a00000| Untracked 
|  29|0x0000000083b00000, 0x0000000083b00000, 0x0000000083c00000|  0%| F|  |TAMS 0x0000000083b00000, 0x0000000083b00000| Untracked 
|  30|0x0000000083c00000, 0x0000000083c00000, 0x0000000083d00000|  0%| F|  |TAMS 0x0000000083c00000, 0x0000000083c00000| Untracked 
|  31|0x0000000083d00000, 0x0000000083d00000, 0x0000000083e00000|  0%| F|  |TAMS 0x0000000083d00000, 0x0000000083d00000| Untracked 
|  32|0x0000000083e00000, 0x0000000083e00000, 0x0000000083f00000|  0%| F|  |TAMS 0x0000000083e00000, 0x0000000083e00000| Untracked 
|  33|0x0000000083f00000, 0x0000000083f00000, 0x0000000084000000|  0%| F|  |TAMS 0x0000000083f00000, 0x0000000083f00000| Untracked 
|  34|0x0000000084000000, 0x0000000084000000, 0x0000000084100000|  0%| F|  |TAMS 0x0000000084000000, 0x0000000084000000| Untracked 
|  35|0x0000000084100000, 0x0000000084100000, 0x0000000084200000|  0%| F|  |TAMS 0x0000000084100000, 0x0000000084100000| Untracked 
|  36|0x0000000084200000, 0x0000000084200000, 0x0000000084300000|  0%| F|  |TAMS 0x0000000084200000, 0x0000000084200000| Untracked 
|  37|0x0000000084300000, 0x0000000084300000, 0x0000000084400000|  0%| F|  |TAMS 0x0000000084300000, 0x0000000084300000| Untracked 
|  38|0x0000000084400000, 0x0000000084400000, 0x0000000084500000|  0%| F|  |TAMS 0x0000000084400000, 0x0000000084400000| Untracked 
|  39|0x0000000084500000, 0x0000000084500000, 0x0000000084600000|  0%| F|  |TAMS 0x0000000084500000, 0x0000000084500000| Untracked 
|  40|0x0000000084600000, 0x0000000084600000, 0x0000000084700000|  0%| F|  |TAMS 0x0000000084600000, 0x0000000084600000| Untracked 
|  79|0x0000000086d00000, 0x0000000086d00000, 0x0000000086e00000|  0%| F|  |TAMS 0x0000000086d00000, 0x0000000086d00000| Untracked 
|  80|0x0000000086e00000, 0x0000000086e00000, 0x0000000086f00000|  0%| F|  |TAMS 0x0000000086e00000, 0x0000000086e00000| Untracked 
|  81|0x0000000086f00000, 0x0000000086f00000, 0x0000000087000000|  0%| F|  |TAMS 0x0000000086f00000, 0x0000000086f00000| Untracked 
|  82|0x0000000087000000, 0x0000000087015940, 0x0000000087100000|  8%| E|  |TAMS 0x0000000087000000, 0x0000000087000000| Complete 
|  83|0x0000000087100000, 0x0000000087200000, 0x0000000087200000|100%| E|CS|TAMS 0x0000000087100000, 0x0000000087100000| Complete 
|  84|0x0000000087200000, 0x0000000087300000, 0x0000000087300000|100%| E|CS|TAMS 0x0000000087200000, 0x0000000087200000| Complete 

Card table byte_map: [0x00000223fccd0000,0x00000223fd0d0000] _byte_map_base: 0x00000223fc8c1000

Marking Bits (Prev, Next): (CMBitMap*) 0x00000223fc85d300, (CMBitMap*) 0x00000223fc85d2c0
 Prev Bits: [0x00000223967d0000, 0x0000022398758000)
 Next Bits: [0x00000223fd4d0000, 0x00000223ff458000)

Polling page: 0x00000223fbfd0000

Metaspace:

Usage:
  Non-class:     25.06 MB used.
      Class:      3.55 MB used.
       Both:     28.62 MB used.

Virtual space:
  Non-class space:       64.00 MB reserved,      25.25 MB ( 39%) committed,  1 nodes.
      Class space:        1.00 GB reserved,       3.75 MB ( <1%) committed,  1 nodes.
             Both:        1.06 GB reserved,      29.00 MB (  3%) committed. 

Chunk freelists:
   Non-Class:  6.56 MB
       Class:  12.14 MB
        Both:  18.70 MB

MaxMetaspaceSize: unlimited
CompressedClassSpaceSize: 1.00 GB
Initial GC threshold: 21.00 MB
Current GC threshold: 35.12 MB
CDS: on
MetaspaceReclaimPolicy: balanced
 - commit_granule_bytes: 65536.
 - commit_granule_words: 8192.
 - virtual_space_node_default_size: 8388608.
 - enlarge_chunks_in_place: 1.
 - new_chunks_are_fully_committed: 0.
 - uncommit_free_chunks: 1.
 - use_allocation_guard: 0.
 - handle_deallocations: 1.


Internal statistics:

num_allocs_failed_limit: 3.
num_arena_births: 496.
num_arena_deaths: 2.
num_vsnodes_births: 2.
num_vsnodes_deaths: 0.
num_space_committed: 464.
num_space_uncommitted: 0.
num_chunks_returned_to_freelist: 5.
num_chunks_taken_from_freelist: 1324.
num_chunk_merges: 0.
num_chunk_splits: 904.
num_chunks_enlarged: 646.
num_purges: 2.
num_inconsistent_stats: 0.

CodeHeap 'non-profiled nmethods': size=120000Kb used=1474Kb max_used=1474Kb free=118525Kb
 bounds [0x000002238f2a0000, 0x000002238f510000, 0x00000223967d0000]
CodeHeap 'profiled nmethods': size=120000Kb used=6770Kb max_used=6770Kb free=113229Kb
 bounds [0x00000223877d0000, 0x0000022387e70000, 0x000002238ed00000]
CodeHeap 'non-nmethods': size=5760Kb used=1292Kb max_used=1305Kb free=4467Kb
 bounds [0x000002238ed00000, 0x000002238ef70000, 0x000002238f2a0000]
 total_blobs=3984 nmethods=3370 adapters=526
 compilation: enabled
              stopped_count=0, restarted_count=0
 full_count=0

Compilation events (20 events):
Event: 41.227 Thread 0x00000223ff909640 3360       1       java.util.Calendar::getZone (5 bytes)
Event: 41.227 Thread 0x00000223ff909640 nmethod 3360 0x000002238f410690 code [0x000002238f410820, 0x000002238f4108f8]
Event: 41.228 Thread 0x00000223ff909640 3361       3       java.util.concurrent.ConcurrentHashMap$Traverser::<init> (36 bytes)
Event: 41.229 Thread 0x00000223ff909640 nmethod 3361 0x0000022387e67c90 code [0x0000022387e67e20, 0x0000022387e68018]
Event: 41.247 Thread 0x00000223ff909640 3363       3       java.util.stream.FindOps::makeRef (14 bytes)
Event: 41.247 Thread 0x00000223ff909640 nmethod 3363 0x0000022387e68110 code [0x0000022387e682a0, 0x0000022387e68418]
Event: 41.247 Thread 0x00000223ff909640 3364       3       java.util.stream.FindOps$FindSink$OfRef::<init> (5 bytes)
Event: 41.248 Thread 0x00000223ff909640 nmethod 3364 0x0000022387e68490 code [0x0000022387e68640, 0x0000022387e687f8]
Event: 41.248 Thread 0x00000223ff909640 3365       3       java.util.stream.FindOps$FindSink$OfRef::get (5 bytes)
Event: 41.248 Thread 0x00000223ff909640 nmethod 3365 0x0000022387e68910 code [0x0000022387e68b00, 0x0000022387e69028]
Event: 41.248 Thread 0x00000223ff909640 3366       3       java.util.LinkedList$Node::<init> (20 bytes)
Event: 41.249 Thread 0x00000223ff909640 nmethod 3366 0x0000022387e69210 code [0x0000022387e693c0, 0x0000022387e69638]
Event: 41.249 Thread 0x00000223ff909640 3367       3       java.time.Instant::<init> (15 bytes)
Event: 41.249 Thread 0x00000223ff909640 nmethod 3367 0x0000022387e69710 code [0x0000022387e698a0, 0x0000022387e69a18]
Event: 41.249 Thread 0x00000223ff909640 3368       3       java.time.Instant::ofEpochSecond (31 bytes)
Event: 41.249 Thread 0x00000223ff909640 nmethod 3368 0x0000022387e69b10 code [0x0000022387e69ce0, 0x0000022387e69eb8]
Event: 41.249 Thread 0x00000223ff909640 3369       3       java.nio.ByteBuffer::flip (7 bytes)
Event: 41.249 Thread 0x00000223ff909640 nmethod 3369 0x0000022387e6a010 code [0x0000022387e6a1a0, 0x0000022387e6a318]
Event: 41.250 Thread 0x00000223ff909640 3370       3       jdk.internal.net.http.HttpClientImpl::isSelectorThread (16 bytes)
Event: 41.250 Thread 0x00000223ff909640 nmethod 3370 0x0000022387e6a410 code [0x0000022387e6a5a0, 0x0000022387e6a738]

GC Heap History (10 events):
Event: 2.584 GC heap before
{Heap before GC invocations=0 (full 0):
 garbage-first heap   total 131072K, used 12288K [0x0000000081e00000, 0x0000000100000000)
  region size 1024K, 13 young (13312K), 0 survivors (0K)
 Metaspace       used 4068K, committed 4288K, reserved 1114112K
  class space    used 418K, committed 512K, reserved 1048576K
}
Event: 2.682 GC heap after
{Heap after GC invocations=1 (full 0):
 garbage-first heap   total 131072K, used 7775K [0x0000000081e00000, 0x0000000100000000)
  region size 1024K, 2 young (2048K), 2 survivors (2048K)
 Metaspace       used 4068K, committed 4288K, reserved 1114112K
  class space    used 418K, committed 512K, reserved 1048576K
}
Event: 4.882 GC heap before
{Heap before GC invocations=1 (full 0):
 garbage-first heap   total 131072K, used 18015K [0x0000000081e00000, 0x0000000100000000)
  region size 1024K, 12 young (12288K), 2 survivors (2048K)
 Metaspace       used 7090K, committed 7296K, reserved 1114112K
  class space    used 804K, committed 896K, reserved 1048576K
}
Event: 4.894 GC heap after
{Heap after GC invocations=2 (full 0):
 garbage-first heap   total 131072K, used 8578K [0x0000000081e00000, 0x0000000100000000)
  region size 1024K, 1 young (1024K), 1 survivors (1024K)
 Metaspace       used 7090K, committed 7296K, reserved 1114112K
  class space    used 804K, committed 896K, reserved 1048576K
}
Event: 6.744 GC heap before
{Heap before GC invocations=2 (full 0):
 garbage-first heap   total 131072K, used 28034K [0x0000000081e00000, 0x0000000100000000)
  region size 1024K, 21 young (21504K), 1 survivors (1024K)
 Metaspace       used 11522K, committed 11776K, reserved 1114112K
  class space    used 1298K, committed 1408K, reserved 1048576K
}
Event: 6.755 GC heap after
{Heap after GC invocations=3 (full 0):
 garbage-first heap   total 131072K, used 9833K [0x0000000081e00000, 0x0000000100000000)
  region size 1024K, 3 young (3072K), 3 survivors (3072K)
 Metaspace       used 11522K, committed 11776K, reserved 1114112K
  class space    used 1298K, committed 1408K, reserved 1048576K
}
Event: 14.910 GC heap before
{Heap before GC invocations=3 (full 0):
 garbage-first heap   total 131072K, used 49769K [0x0000000081e00000, 0x0000000100000000)
  region size 1024K, 43 young (44032K), 3 survivors (3072K)
 Metaspace       used 21215K, committed 21504K, reserved 1114112K
  class space    used 2607K, committed 2752K, reserved 1048576K
}
Event: 14.928 GC heap after
{Heap after GC invocations=4 (full 0):
 garbage-first heap   total 131072K, used 13606K [0x0000000081e00000, 0x0000000100000000)
  region size 1024K, 6 young (6144K), 6 survivors (6144K)
 Metaspace       used 21215K, committed 21504K, reserved 1114112K
  class space    used 2607K, committed 2752K, reserved 1048576K
}
Event: 40.792 GC heap before
{Heap before GC invocations=5 (full 0):
 garbage-first heap   total 48128K, used 36134K [0x0000000081e00000, 0x0000000100000000)
  region size 1024K, 28 young (28672K), 6 survivors (6144K)
 Metaspace       used 29050K, committed 29440K, reserved 1114112K
  class space    used 3619K, committed 3840K, reserved 1048576K
}
Event: 40.810 GC heap after
{Heap after GC invocations=6 (full 0):
 garbage-first heap   total 48128K, used 16145K [0x0000000081e00000, 0x0000000100000000)
  region size 1024K, 3 young (3072K), 3 survivors (3072K)
 Metaspace       used 29050K, committed 29440K, reserved 1114112K
  class space    used 3619K, committed 3840K, reserved 1048576K
}

Deoptimization events (20 events):
Event: 15.973 Thread 0x00000223fc8036b0 DEOPT PACKING pc=0x000002238f3e2eec sp=0x0000009b97ffb460
Event: 15.974 Thread 0x00000223fc8036b0 DEOPT UNPACKING pc=0x000002238ed523a3 sp=0x0000009b97ffb420 mode 2
Event: 15.974 Thread 0x00000223fc8036b0 Uncommon trap: trap_request=0xffffffc6 fr.pc=0x000002238f3e2eec relative=0x00000000000005ec
Event: 15.974 Thread 0x00000223fc8036b0 Uncommon trap: reason=bimorphic_or_optimized_type_check action=maybe_recompile pc=0x000002238f3e2eec method=java.util.regex.Pattern$Branch.match(Ljava/util/regex/Matcher;ILjava/lang/CharSequence;)Z @ 32 c2
Event: 15.974 Thread 0x00000223fc8036b0 DEOPT PACKING pc=0x000002238f3e2eec sp=0x0000009b97ffae10
Event: 15.974 Thread 0x00000223fc8036b0 DEOPT UNPACKING pc=0x000002238ed523a3 sp=0x0000009b97ffadf0 mode 2
Event: 24.848 Thread 0x00000223fc8036b0 DEOPT PACKING pc=0x000002238785bec4 sp=0x0000009b97ffbe50
Event: 24.848 Thread 0x00000223fc8036b0 DEOPT UNPACKING pc=0x000002238ed52b43 sp=0x0000009b97ffb300 mode 0
Event: 24.961 Thread 0x00000223fc8036b0 Uncommon trap: trap_request=0xffffff45 fr.pc=0x000002238f32fb68 relative=0x0000000000000ec8
Event: 24.961 Thread 0x00000223fc8036b0 Uncommon trap: reason=unstable_if action=reinterpret pc=0x000002238f32fb68 method=java.util.concurrent.ConcurrentHashMap.putVal(Ljava/lang/Object;Ljava/lang/Object;Z)Ljava/lang/Object; @ 231 c2
Event: 24.961 Thread 0x00000223fc8036b0 DEOPT PACKING pc=0x000002238f32fb68 sp=0x0000009b97ffc050
Event: 24.962 Thread 0x00000223fc8036b0 DEOPT UNPACKING pc=0x000002238ed523a3 sp=0x0000009b97ffbfc0 mode 2
Event: 40.539 Thread 0x00000223fc8036b0 Uncommon trap: trap_request=0xffffff45 fr.pc=0x000002238f3e0edc relative=0x00000000000001bc
Event: 40.539 Thread 0x00000223fc8036b0 Uncommon trap: reason=unstable_if action=reinterpret pc=0x000002238f3e0edc method=java.util.StringTokenizer.skipDelimiters(I)I @ 21 c2
Event: 40.539 Thread 0x00000223fc8036b0 DEOPT PACKING pc=0x000002238f3e0edc sp=0x0000009b97ffcf00
Event: 40.539 Thread 0x00000223fc8036b0 DEOPT UNPACKING pc=0x000002238ed523a3 sp=0x0000009b97ffce90 mode 2
Event: 41.195 Thread 0x00000223fc8036b0 Uncommon trap: trap_request=0xffffffcc fr.pc=0x000002238f3ff1d0 relative=0x0000000000000330
Event: 41.195 Thread 0x00000223fc8036b0 Uncommon trap: reason=intrinsic_or_type_checked_inlining action=make_not_entrant pc=0x000002238f3ff1d0 method=java.util.Arrays.copyOf([Ljava/lang/Object;ILjava/lang/Class;)[Ljava/lang/Object; @ 35 c2
Event: 41.195 Thread 0x00000223fc8036b0 DEOPT PACKING pc=0x000002238f3ff1d0 sp=0x0000009b97ffd1c0
Event: 41.195 Thread 0x00000223fc8036b0 DEOPT UNPACKING pc=0x000002238ed523a3 sp=0x0000009b97ffd150 mode 2

Classes unloaded (1 events):
Event: 14.949 Thread 0x00000223ff8ebef0 Unloading class 0x000002239c002000 'java/lang/invoke/LambdaForm$DMH+0x000002239c002000'

Classes redefined (0 events):
No events

Internal exceptions (20 events):
Event: 14.309 Thread 0x00000223fc8036b0 Exception <a 'java/lang/NoSuchMethodError'{0x000000008761b910}: 'long java.lang.invoke.DirectMethodHandle$Holder.invokeVirtual(java.lang.Object, java.lang.Object)'> (0x000000008761b910) 
thrown [s\open\src\hotspot\share\interpreter\linkResolver.cpp, line 759]
Event: 14.681 Thread 0x00000223fc8036b0 Exception <a 'java/lang/NoSuchMethodError'{0x00000000875c9ad8}: 'java.lang.Object java.lang.invoke.DirectMethodHandle$Holder.invokeStaticInit(java.lang.Object, java.lang.Object, int)'> (0x00000000875c9ad8) 
thrown [s\open\src\hotspot\share\interpreter\linkResolver.cpp, line 759]
Event: 14.682 Thread 0x00000223fc8036b0 Exception <a 'java/lang/NoSuchMethodError'{0x00000000875cff38}: 'java.lang.Object java.lang.invoke.DirectMethodHandle$Holder.newInvokeSpecial(java.lang.Object, java.lang.Object, int)'> (0x00000000875cff38) 
thrown [s\open\src\hotspot\share\interpreter\linkResolver.cpp, line 759]
Event: 14.688 Thread 0x00000223fc8036b0 Exception <a 'java/lang/NoSuchMethodError'{0x00000000875ead10}: 'int java.lang.invoke.DirectMethodHandle$Holder.invokeSpecialIFC(java.lang.Object, java.lang.Object, java.lang.Object)'> (0x00000000875ead10) 
thrown [s\open\src\hotspot\share\interpreter\linkResolver.cpp, line 759]
Event: 15.006 Thread 0x00000223fc8036b0 Exception <a 'sun/nio/fs/WindowsException'{0x00000000846475f8}> (0x00000000846475f8) 
thrown [s\open\src\hotspot\share\prims\jni.cpp, line 516]
Event: 15.056 Thread 0x00000223fc8036b0 Exception <a 'java/lang/NoSuchMethodError'{0x0000000084668828}: 'int java.lang.invoke.DirectMethodHandle$Holder.invokeStaticInit(java.lang.Object, java.lang.Object, java.lang.Object, java.lang.Object)'> (0x0000000084668828) 
thrown [s\open\src\hotspot\share\interpreter\linkResolver.cpp, line 759]
Event: 15.436 Thread 0x00000223fc8036b0 Implicit null exception at 0x000002238f380856 to 0x000002238f3810b8
Event: 15.759 Thread 0x00000223fc8036b0 Exception <a 'java/lang/IncompatibleClassChangeError'{0x00000000840da6f0}: Found class java.lang.Object, but interface was expected> (0x00000000840da6f0) 
thrown [s\open\src\hotspot\share\interpreter\linkResolver.cpp, line 826]
Event: 15.787 Thread 0x00000223fc8036b0 Exception <a 'java/lang/NoSuchMethodError'{0x0000000083f4a7a8}: 'java.lang.Object java.lang.invoke.DirectMethodHandle$Holder.invokeVirtual(java.lang.Object, java.lang.Object, java.lang.Object, java.lang.Object)'> (0x0000000083f4a7a8) 
thrown [s\open\src\hotspot\share\interpreter\linkResolver.cpp, line 759]
Event: 15.836 Thread 0x00000223e10f34d0 Exception <a 'java/net/ConnectException'{0x0000000083fd98d0}: Connection refused: no further information> (0x0000000083fd98d0) 
thrown [s\open\src\hotspot\share\prims\jni.cpp, line 535]
Event: 15.836 Thread 0x00000223e10f34d0 Exception <a 'java/net/SocketException'{0x0000000083fd9c08}: Socket is not connected: shutdown> (0x0000000083fd9c08) 
thrown [s\open\src\hotspot\share\prims\jni.cpp, line 535]
Event: 15.858 Thread 0x00000223e10f34d0 Exception <a 'java/net/ConnectException'{0x0000000083fdac00}: Connection refused: no further information> (0x0000000083fdac00) 
thrown [s\open\src\hotspot\share\prims\jni.cpp, line 535]
Event: 15.858 Thread 0x00000223e10f34d0 Exception <a 'java/net/SocketException'{0x0000000083fdaf38}: Socket is not connected: shutdown> (0x0000000083fdaf38) 
thrown [s\open\src\hotspot\share\prims\jni.cpp, line 535]
Event: 15.890 Thread 0x00000223e10f34d0 Exception <a 'java/net/ConnectException'{0x0000000083fdbe60}: Connection refused: no further information> (0x0000000083fdbe60) 
thrown [s\open\src\hotspot\share\prims\jni.cpp, line 535]
Event: 15.890 Thread 0x00000223e10f34d0 Exception <a 'java/net/SocketException'{0x0000000083fdc198}: Socket is not connected: shutdown> (0x0000000083fdc198) 
thrown [s\open\src\hotspot\share\prims\jni.cpp, line 535]
Event: 16.031 Thread 0x00000223fc8036b0 Exception <a 'java/lang/NoSuchMethodError'{0x0000000083d06a30}: 'java.lang.Object java.lang.invoke.DirectMethodHandle$Holder.newInvokeSpecial(java.lang.Object, java.lang.Object, int, int)'> (0x0000000083d06a30) 
thrown [s\open\src\hotspot\share\interpreter\linkResolver.cpp, line 759]
Event: 16.033 Thread 0x00000223fc8036b0 Exception <a 'java/lang/NoSuchMethodError'{0x0000000083d11738}: 'void java.lang.invoke.DirectMethodHandle$Holder.invokeStatic(java.lang.Object, java.lang.Object, int)'> (0x0000000083d11738) 
thrown [s\open\src\hotspot\share\interpreter\linkResolver.cpp, line 759]
Event: 16.265 Thread 0x00000223fc8036b0 Exception <a 'java/lang/NoSuchMethodError'{0x0000000083a7c4f0}: 'void java.lang.invoke.DirectMethodHandle$Holder.invokeStatic(java.lang.Object, java.lang.Object, java.lang.Object, java.lang.Object, java.lang.Object, java.lang.Object, java.lang.Object)'> (0x0000000083a7c4f0) 
thrown [s\open\src\hotspot\share\interpreter\linkResolver.cpp, line 759]
Event: 24.346 Thread 0x00000223e07aea00 Exception <a 'java/lang/NoSuchMethodError'{0x000000008384af80}: 'java.lang.Object java.lang.invoke.DirectMethodHandle$Holder.newInvokeSpecial(java.lang.Object, java.lang.Object, long, java.lang.Object, java.lang.Object, java.lang.Object)'> (0x000000008384af80) 
thrown [s\open\src\hotspot\share\interpreter\linkResolver.cpp, line 759]
Event: 24.860 Thread 0x00000223fc8036b0 Exception <a 'java/lang/NoSuchMethodError'{0x000000008363b570}: 'java.lang.Object java.lang.invoke.DirectMethodHandle$Holder.invokeSpecialIFC(java.lang.Object, java.lang.Object, java.lang.Object)'> (0x000000008363b570) 
thrown [s\open\src\hotspot\share\interpreter\linkResolver.cpp, line 759]

VM Operations (20 events):
Event: 16.967 Executing VM operation: Cleanup
Event: 16.967 Executing VM operation: Cleanup done
Event: 20.993 Executing VM operation: Cleanup
Event: 20.994 Executing VM operation: Cleanup done
Event: 24.311 Executing VM operation: HandshakeAllThreads
Event: 24.311 Executing VM operation: HandshakeAllThreads done
Event: 25.312 Executing VM operation: Cleanup
Event: 25.329 Executing VM operation: Cleanup done
Event: 27.694 Executing VM operation: HandshakeAllThreads
Event: 27.694 Executing VM operation: HandshakeAllThreads done
Event: 27.694 Executing VM operation: Cleanup
Event: 27.694 Executing VM operation: Cleanup done
Event: 28.707 Executing VM operation: Cleanup
Event: 28.707 Executing VM operation: Cleanup done
Event: 29.708 Executing VM operation: Cleanup
Event: 29.708 Executing VM operation: Cleanup done
Event: 36.770 Executing VM operation: Cleanup
Event: 36.770 Executing VM operation: Cleanup done
Event: 40.792 Executing VM operation: G1CollectForAllocation
Event: 40.811 Executing VM operation: G1CollectForAllocation done

Events (20 events):
Event: 27.693 loading class java/util/concurrent/locks/ReentrantReadWriteLock$Sync done
Event: 27.693 loading class java/util/concurrent/locks/ReentrantReadWriteLock$FairSync done
Event: 27.693 loading class java/util/concurrent/locks/ReentrantReadWriteLock$Sync$ThreadLocalHoldCounter
Event: 27.693 loading class java/util/concurrent/locks/ReentrantReadWriteLock$Sync$ThreadLocalHoldCounter done
Event: 27.693 loading class java/util/concurrent/locks/ReentrantReadWriteLock$ReadLock
Event: 27.693 loading class java/util/concurrent/locks/ReentrantReadWriteLock$ReadLock done
Event: 27.695 loading class java/util/concurrent/locks/ReentrantReadWriteLock$WriteLock
Event: 27.695 loading class java/util/concurrent/locks/ReentrantReadWriteLock$WriteLock done
Event: 27.952 loading class sun/net/www/HeaderParser
Event: 27.953 loading class sun/net/www/HeaderParser done
Event: 29.391 loading class java/util/ServiceConfigurationError
Event: 29.392 loading class java/util/ServiceConfigurationError done
Event: 40.771 loading class java/util/AbstractList$ListItr
Event: 40.774 loading class java/util/AbstractList$ListItr done
Event: 40.779 loading class java/io/FileOutputStream$1
Event: 40.780 loading class java/io/FileOutputStream$1 done
Event: 40.944 loading class java/io/PrintWriter
Event: 40.946 loading class java/io/PrintWriter done
Event: 40.947 loading class java/lang/StackTraceElement$HashedModules
Event: 40.948 loading class java/lang/StackTraceElement$HashedModules done


Dynamic libraries:
0x00007ff63a0b0000 - 0x00007ff63a0c0000 	C:\Program Files\Java\jdk-17\bin\java.exe
0x00007ff983790000 - 0x00007ff983988000 	C:\Windows\SYSTEM32\ntdll.dll
0x00007ff981c60000 - 0x00007ff981d1d000 	C:\Windows\System32\KERNEL32.DLL
0x00007ff980f30000 - 0x00007ff981226000 	C:\Windows\System32\KERNELBASE.dll
0x00007ff9816f0000 - 0x00007ff9817f0000 	C:\Windows\System32\ucrtbase.dll
0x00007ff97a400000 - 0x00007ff97a41b000 	C:\Program Files\Java\jdk-17\bin\VCRUNTIME140.dll
0x00007ff97ccc0000 - 0x00007ff97ccd9000 	C:\Program Files\Java\jdk-17\bin\jli.dll
0x00007ff981bb0000 - 0x00007ff981c5f000 	C:\Windows\System32\ADVAPI32.dll
0x00007ff982540000 - 0x00007ff9825de000 	C:\Windows\System32\msvcrt.dll
0x00007ff9836b0000 - 0x00007ff98374c000 	C:\Windows\System32\sechost.dll
0x00007ff983510000 - 0x00007ff983636000 	C:\Windows\System32\RPCRT4.dll
0x00007ff9819a0000 - 0x00007ff981b3e000 	C:\Windows\System32\USER32.dll
0x00007ff981430000 - 0x00007ff981452000 	C:\Windows\System32\win32u.dll
0x00007ff981e10000 - 0x00007ff981e3c000 	C:\Windows\System32\GDI32.dll
0x00007ff9815d0000 - 0x00007ff9816ea000 	C:\Windows\System32\gdi32full.dll
0x00007ff96dc60000 - 0x00007ff96defa000 	C:\Windows\WinSxS\amd64_microsoft.windows.common-controls_6595b64144ccf1df_6.0.19041.3636_none_60b6a03d71f818d5\COMCTL32.dll
0x00007ff981230000 - 0x00007ff9812cd000 	C:\Windows\System32\msvcp_win.dll
0x00007ff973b10000 - 0x00007ff973b1a000 	C:\Windows\SYSTEM32\VERSION.dll
0x00007ff981ea0000 - 0x00007ff981ed0000 	C:\Windows\System32\IMM32.DLL
0x00007ff97ccb0000 - 0x00007ff97ccbc000 	C:\Program Files\Java\jdk-17\bin\vcruntime140_1.dll
0x00007ff9727f0000 - 0x00007ff97287e000 	C:\Program Files\Java\jdk-17\bin\msvcp140.dll
0x00007ff968ee0000 - 0x00007ff969abe000 	C:\Program Files\Java\jdk-17\bin\server\jvm.dll
0x00007ff981b40000 - 0x00007ff981b48000 	C:\Windows\System32\PSAPI.DLL
0x00007ff968d60000 - 0x00007ff968d69000 	C:\Windows\SYSTEM32\WSOCK32.dll
0x00007ff983640000 - 0x00007ff9836ab000 	C:\Windows\System32\WS2_32.dll
0x00007ff96ad20000 - 0x00007ff96ad47000 	C:\Windows\SYSTEM32\WINMM.dll
0x00007ff97ecf0000 - 0x00007ff97ed02000 	C:\Windows\SYSTEM32\kernel.appcore.dll
0x00007ff97cb70000 - 0x00007ff97cb7a000 	C:\Program Files\Java\jdk-17\bin\jimage.dll
0x00007ff968b40000 - 0x00007ff968d24000 	C:\Windows\SYSTEM32\DBGHELP.DLL
0x00007ff968b00000 - 0x00007ff968b34000 	C:\Windows\SYSTEM32\dbgcore.DLL
0x00007ff981540000 - 0x00007ff9815c2000 	C:\Windows\System32\bcryptPrimitives.dll
0x00007ff97a3f0000 - 0x00007ff97a3fe000 	C:\Program Files\Java\jdk-17\bin\instrument.dll
0x00007ff979f50000 - 0x00007ff979f75000 	C:\Program Files\Java\jdk-17\bin\java.dll
0x00007ff96f640000 - 0x00007ff96f717000 	C:\Program Files\Java\jdk-17\bin\jsvml.dll
0x00007ff982bb0000 - 0x00007ff9832f5000 	C:\Windows\System32\SHELL32.dll
0x00007ff97eef0000 - 0x00007ff97f68b000 	C:\Windows\SYSTEM32\windows.storage.dll
0x00007ff982850000 - 0x00007ff982ba4000 	C:\Windows\System32\combase.dll
0x00007ff9807d0000 - 0x00007ff9807fd000 	C:\Windows\SYSTEM32\Wldp.dll
0x00007ff983460000 - 0x00007ff98350d000 	C:\Windows\System32\SHCORE.dll
0x00007ff981b50000 - 0x00007ff981ba5000 	C:\Windows\System32\shlwapi.dll
0x00007ff980da0000 - 0x00007ff980dc5000 	C:\Windows\SYSTEM32\profapi.dll
0x00007ff979e70000 - 0x00007ff979e88000 	C:\Program Files\Java\jdk-17\bin\zip.dll
0x00007ff979e10000 - 0x00007ff979e29000 	C:\Program Files\Java\jdk-17\bin\net.dll
0x00007ff976a90000 - 0x00007ff976b9a000 	C:\Windows\SYSTEM32\WINHTTP.dll
0x00007ff9805b0000 - 0x00007ff98061a000 	C:\Windows\system32\mswsock.dll
0x00007ff979a20000 - 0x00007ff979a36000 	C:\Program Files\Java\jdk-17\bin\nio.dll
0x00007ff9712d0000 - 0x00007ff9712ea000 	C:\Program Files\JetBrains\IntelliJ IDEA Community Edition 2023.2.2\bin\breakgen64.dll
0x00007ff97a3e0000 - 0x00007ff97a3f0000 	C:\Program Files\Java\jdk-17\bin\verify.dll
0x00007ff980b10000 - 0x00007ff980b28000 	C:\Windows\SYSTEM32\CRYPTSP.dll
0x00007ff97fe90000 - 0x00007ff97fec4000 	C:\Windows\system32\rsaenh.dll
0x00007ff981510000 - 0x00007ff981537000 	C:\Windows\System32\bcrypt.dll
0x00007ff980d20000 - 0x00007ff980d4e000 	C:\Windows\SYSTEM32\USERENV.dll
0x00007ff980740000 - 0x00007ff98074c000 	C:\Windows\SYSTEM32\CRYPTBASE.dll
0x00007ff980270000 - 0x00007ff9802ab000 	C:\Windows\SYSTEM32\IPHLPAPI.DLL
0x00007ff981d20000 - 0x00007ff981d28000 	C:\Windows\System32\NSI.dll
0x00007ff97a560000 - 0x00007ff97a577000 	C:\Windows\SYSTEM32\dhcpcsvc6.DLL
0x00007ff979db0000 - 0x00007ff979dcd000 	C:\Windows\SYSTEM32\dhcpcsvc.DLL
0x00007ff9802b0000 - 0x00007ff98037a000 	C:\Windows\SYSTEM32\DNSAPI.dll
0x00007ff975fd0000 - 0x00007ff975fda000 	C:\Windows\System32\rasadhlp.dll
0x00007ff9762d0000 - 0x00007ff976350000 	C:\Windows\System32\fwpuclnt.dll
0x00007ff9761e0000 - 0x00007ff9761ee000 	C:\Program Files\Java\jdk-17\bin\sunmscapi.dll
0x00007ff9812d0000 - 0x00007ff98142d000 	C:\Windows\System32\CRYPT32.dll
0x00007ff980840000 - 0x00007ff980867000 	C:\Windows\SYSTEM32\ncrypt.dll
0x00007ff980800000 - 0x00007ff98083b000 	C:\Windows\SYSTEM32\NTASN1.dll
0x00007ff9682f0000 - 0x00007ff9682f7000 	C:\Windows\system32\wshunix.dll

dbghelp: loaded successfully - version: 4.0.5 - missing functions: none
symbol engine: initialized successfully - sym options: 0x614 - pdb path: .;C:\Program Files\Java\jdk-17\bin;C:\Windows\SYSTEM32;C:\Windows\WinSxS\amd64_microsoft.windows.common-controls_6595b64144ccf1df_6.0.19041.3636_none_60b6a03d71f818d5;C:\Program Files\Java\jdk-17\bin\server;C:\Program Files\JetBrains\IntelliJ IDEA Community Edition 2023.2.2\bin

VM Arguments:
jvm_args: -ea --add-opens=java.base/java.util=ALL-UNNAMED --add-opens=java.base/java.lang=ALL-UNNAMED -Didea.test.cyclic.buffer.size=1048576 -javaagent:C:\Program Files\JetBrains\IntelliJ IDEA Community Edition 2023.2.2\lib\idea_rt.jar=52861:C:\Program Files\JetBrains\IntelliJ IDEA Community Edition 2023.2.2\bin -Dfile.encoding=UTF-8 
java_command: com.intellij.rt.testng.RemoteTestNGStarter -usedefaultlisteners false -socket52860 @w@C:\Users\Vishal\AppData\Local\Temp\idea_working_dirs_testng.tmp -temp C:\Users\Vishal\AppData\Local\Temp\idea_testng.tmp
java_class_path (initial): C:\Program Files\JetBrains\IntelliJ IDEA Community Edition 2023.2.2\lib\idea_rt.jar;C:\Program Files\JetBrains\IntelliJ IDEA Community Edition 2023.2.2\plugins\testng\lib\testng-rt.jar;C:\Users\Vishal\IdeaProjects\automationexercise-cucumber\target\test-classes;C:\Users\Vishal\IdeaProjects\automationexercise-cucumber\target\classes;C:\Users\Vishal\.m2\repository\io\cucumber\cucumber-java\7.15.0\cucumber-java-7.15.0.jar;C:\Users\Vishal\.m2\repository\org\apiguardian\apiguardian-api\1.1.2\apiguardian-api-1.1.2.jar;C:\Users\Vishal\.m2\repository\io\cucumber\cucumber-core\7.15.0\cucumber-core-7.15.0.jar;C:\Users\Vishal\.m2\repository\io\cucumber\cucumber-gherkin\7.15.0\cucumber-gherkin-7.15.0.jar;C:\Users\Vishal\.m2\repository\io\cucumber\cucumber-gherkin-messages\7.15.0\cucumber-gherkin-messages-7.15.0.jar;C:\Users\Vishal\.m2\repository\io\cucumber\gherkin\26.2.0\gherkin-26.2.0.jar;C:\Users\Vishal\.m2\repository\io\cucumber\messages\22.0.0\messages-22.0.0.jar;C:\Users\Vishal\.m2\repository\io\cucumber\tag-expressions\6.0.0\tag-expressions-6.0.0.jar;C:\Users\Vishal\.m2\repository\io\cucumber\cucumber-expressions\17.0.1\cucumber-expressions-17.0.1.jar;C:\Users\Vishal\.m2\repository\io\cucumber\datatable\7.15.0\datatable-7.15.0.jar;C:\Users\Vishal\.m2\repository\io\cucumber\cucumber-plugin\7.15.0\cucumber-plugin-7.15.0.jar;C:\Users\Vishal\.m2\repository\io\cucumber\docstring\7.15.0\docstring-7.15.0.jar;C:\Users\Vishal\.m2\repository\io\cucumber\html-formatter\20.4.0\html-formatter-20.4.0.jar;C:\Users\Vishal\.m2\repository\io\cucumber\junit-xml-formatter\0.2.0\junit-xml-formatter-0.2.0.jar;C:\Users\Vishal\.m2\repository\io\cucumber\ci-environment\10.0.0\ci-environment-10.0.0.jar;C:\Users\Vishal\.m2\repository\io\cucumber\cucumber-testng\7.15.0\cucumber-testng-7.15.0.jar;C:\Users\Vishal\.m2\repository\org\testng\testng\7.8.0\testng-7.8.0.jar;C:\Users\Vishal\.m2\repository\com\beust\jcommander\1.82\jcommander-1.82.jar;C:\Users\Vishal\.m2\reposito
Launcher Type: SUN_STANDARD

[Global flags]
     intx CICompilerCount                          = 3                                         {product} {ergonomic}
     uint ConcGCThreads                            = 1                                         {product} {ergonomic}
     uint G1ConcRefinementThreads                  = 4                                         {product} {ergonomic}
   size_t G1HeapRegionSize                         = 1048576                                   {product} {ergonomic}
    uintx GCDrainStackTargetSize                   = 64                                        {product} {ergonomic}
   size_t InitialHeapSize                          = 134217728                                 {product} {ergonomic}
   size_t MarkStackSize                            = 4194304                                   {product} {ergonomic}
   size_t MaxHeapSize                              = 2116026368                                {product} {ergonomic}
   size_t MaxNewSize                               = 1268776960                                {product} {ergonomic}
   size_t MinHeapDeltaBytes                        = 1048576                                   {product} {ergonomic}
   size_t MinHeapSize                              = 8388608                                   {product} {ergonomic}
    uintx NonNMethodCodeHeapSize                   = 5832780                                {pd product} {ergonomic}
    uintx NonProfiledCodeHeapSize                  = 122912730                              {pd product} {ergonomic}
    uintx ProfiledCodeHeapSize                     = 122912730                              {pd product} {ergonomic}
    uintx ReservedCodeCacheSize                    = 251658240                              {pd product} {ergonomic}
     bool SegmentedCodeCache                       = true                                      {product} {ergonomic}
   size_t SoftMaxHeapSize                          = 2116026368                             {manageable} {ergonomic}
     bool UseCompressedClassPointers               = true                           {product lp64_product} {ergonomic}
     bool UseCompressedOops                        = true                           {product lp64_product} {ergonomic}
     bool UseG1GC                                  = true                                      {product} {ergonomic}
     bool UseLargePagesIndividualAllocation        = false                                  {pd product} {ergonomic}

Logging:
Log output configuration:
 #0: stdout all=warning uptime,level,tags
 #1: stderr all=off uptime,level,tags

Environment Variables:
JAVA_HOME=C:\Program Files\Java\jdk-17
PATH=C:\Program Files\Common Files\Oracle\Java\javapath;C:\Program Files (x86)\Intel\iCLS Client\;C:\Program Files\Intel\iCLS Client\;C:\Windows\system32;C:\Windows;C:\Windows\System32\Wbem;C:\Windows\System32\WindowsPowerShell\v1.0\;C:\Windows\System32\OpenSSH\;C:\Program Files\Intel\Intel(R) Management Engine Components\DAL;C:\Program Files (x86)\Intel\Intel(R) Management Engine Components\DAL;C:\Program Files\Intel\Intel(R) Management Engine Components\IPT;C:\Program Files (x86)\Intel\Intel(R) Management Engine Components\IPT;C:\Program Files\Java\jdk-19\bin;C:\Program Files\Java\jdk-17\bin;C:\Program Files\Git\cmd;C:\Program Files\Apache\apache-maven-3.9.5\bin;;C:\Program Files\Docker\Docker\resources\bin;C:\Users\Vishal\AppData\Local\Microsoft\WindowsApps;
USERNAME=Vishal
OS=Windows_NT
PROCESSOR_IDENTIFIER=Intel64 Family 6 Model 58 Stepping 9, GenuineIntel



---------------  S Y S T E M  ---------------

OS:
 Windows 10 , 64 bit Build 19041 (10.0.19041.3636)
OS uptime: 7 days 7:44 hours
Hyper-V role detected

CPU: total 4 (initial active 4) (2 cores per cpu, 2 threads per core) family 6 model 58 stepping 9 microcode 0x21, cx8, cmov, fxsr, ht, mmx, sse, sse2, sse3, ssse3, sse4.1, sse4.2, popcnt, tsc, tscinvbit, avx, aes, erms, clmul, vzeroupper, clflush, hv

Memory: 4k page, system-wide physical 8066M (500M free)
TotalPageFile size 21187M (AvailPageFile size 4M)
current process WorkingSet (physical memory assigned to process): 140M, peak: 152M
current process commit charge ("private bytes"): 177M, peak: 264M

vm_info: Java HotSpot(TM) 64-Bit Server VM (17.0.8+9-LTS-211) for windows-amd64 JRE (17.0.8+9-LTS-211), built on Jun 14 2023 10:34:31 by "mach5one" with MS VC++ 17.1 (VS2022)

END.
